Determining if the pthread_create exist failed with the following output:
Change Dir: /home/yh/git/DIVA2_QT/build/CMakeFiles/CMakeTmp

Run Build Command:"/usr/bin/make" "cmTC_a8d93/fast"
/usr/bin/make -f CMakeFiles/cmTC_a8d93.dir/build.make CMakeFiles/cmTC_a8d93.dir/build
make[1]: 디렉터리 '/home/yh/git/DIVA2_QT/build/CMakeFiles/CMakeTmp' 들어감
Building C object CMakeFiles/cmTC_a8d93.dir/CheckSymbolExists.c.o
/usr/bin/cc    -o CMakeFiles/cmTC_a8d93.dir/CheckSymbolExists.c.o   -c /home/yh/git/DIVA2_QT/build/CMakeFiles/CMakeTmp/CheckSymbolExists.c
Linking C executable cmTC_a8d93
/usr/bin/cmake -E cmake_link_script CMakeFiles/cmTC_a8d93.dir/link.txt --verbose=1
/usr/bin/cc      CMakeFiles/cmTC_a8d93.dir/CheckSymbolExists.c.o  -o cmTC_a8d93 
CMakeFiles/cmTC_a8d93.dir/CheckSymbolExists.c.o: In function `main':
CheckSymbolExists.c:(.text+0x1b): undefined reference to `pthread_create'
collect2: error: ld returned 1 exit status
CMakeFiles/cmTC_a8d93.dir/build.make:97: recipe for target 'cmTC_a8d93' failed
make[1]: *** [cmTC_a8d93] Error 1
make[1]: 디렉터리 '/home/yh/git/DIVA2_QT/build/CMakeFiles/CMakeTmp' 나감
Makefile:126: recipe for target 'cmTC_a8d93/fast' failed
make: *** [cmTC_a8d93/fast] Error 2

File /home/yh/git/DIVA2_QT/build/CMakeFiles/CMakeTmp/CheckSymbolExists.c:
/* */
#include <pthread.h>

int main(int argc, char** argv)
{
  (void)argv;
#ifndef pthread_create
  return ((int*)(&pthread_create))[argc];
#else
  (void)argc;
  return 0;
#endif
}

Determining if the function pthread_create exists in the pthreads failed with the following output:
Change Dir: /home/yh/git/DIVA2_QT/build/CMakeFiles/CMakeTmp

Run Build Command:"/usr/bin/make" "cmTC_1c7e3/fast"
/usr/bin/make -f CMakeFiles/cmTC_1c7e3.dir/build.make CMakeFiles/cmTC_1c7e3.dir/build
make[1]: 디렉터리 '/home/yh/git/DIVA2_QT/build/CMakeFiles/CMakeTmp' 들어감
Building C object CMakeFiles/cmTC_1c7e3.dir/CheckFunctionExists.c.o
/usr/bin/cc   -DCHECK_FUNCTION_EXISTS=pthread_create   -o CMakeFiles/cmTC_1c7e3.dir/CheckFunctionExists.c.o   -c /usr/share/cmake-3.10/Modules/CheckFunctionExists.c
Linking C executable cmTC_1c7e3
/usr/bin/cmake -E cmake_link_script CMakeFiles/cmTC_1c7e3.dir/link.txt --verbose=1
/usr/bin/cc  -DCHECK_FUNCTION_EXISTS=pthread_create    CMakeFiles/cmTC_1c7e3.dir/CheckFunctionExists.c.o  -o cmTC_1c7e3 -lpthreads 
/usr/bin/ld: cannot find -lpthreads
collect2: error: ld returned 1 exit status
CMakeFiles/cmTC_1c7e3.dir/build.make:97: recipe for target 'cmTC_1c7e3' failed
make[1]: *** [cmTC_1c7e3] Error 1
make[1]: 디렉터리 '/home/yh/git/DIVA2_QT/build/CMakeFiles/CMakeTmp' 나감
Makefile:126: recipe for target 'cmTC_1c7e3/fast' failed
make: *** [cmTC_1c7e3/fast] Error 2


